build/app/outputs/mapping/release/seeds.txt
com.futurainstech.fit_timesheets.MainActivity
com.futurainstech.fit_timesheets.MainActivity: MainActivity()
...
com.baseflow.geolocator.utils.LocaleConverter: java.util.Locale fromLanguageTag(java.lang.String)
com.baseflow.geolocator.R$id: int accessibility_custom_action_7
com.baseflow.permissionhandler.PermissionManager$ActivityRegistry: void addListener(io.flutter.plugin.common.PluginRegistry$ActivityResultListener)
org.threeten.bp.temporal.IsoFields$Unit: org.threeten.bp.temporal.IsoFields$Unit valueOf(java.lang.String)
androidx.media.AudioAttributesImplApi26
com.baseflow.permissionhandler.R
com.baseflow.permissionhandler.R$id: int tag_accessibility_clickable_spans
com.baseflow.geolocator.tasks.ForwardGeocodingTask$1: com.baseflow.geolocator.data.wrapper.ChannelResponse val$channelResponse
com.baseflow.location_permissions.LocationPermissionsPlugin: int SERVICE_STATUS_ENABLED
com.baseflow.location_permissions.R$attr
com.baseflow.geolocator.R$styleable: int GradientColor_android_centerColor
com.baseflow.geolocator.R$styleable: int SignInButton_scopeUris
android.support.v4.media.session.PlaybackStateCompat$CustomAction
com.baseflow.googleapiavailability.R$id: int accessibility_custom_action_7
com.dexterous.flutterlocalnotifications.RuntimeTypeAdapterFactory: java.util.Map subtypeToLabel
io.flutter.plugin.platform.SingleViewPresentation: io.flutter.plugin.platform.PlatformView getView()
com.dexterous.flutterlocalnotifications.models.NotificationDetails: java.lang.String MATCH_DATE_TIME_COMPONENTS
com.baseflow.geolocator.R$styleable: int ColorStateListItem_android_color
io.flutter.embedding.engine.FlutterJNI: void onSurfaceDestroyed()
com.baseflow.geolocator.R$id: int adjust_height
com.dexterous.flutterlocalnotifications.models.NotificationDetails: java.lang.String ENABLE_LIGHTS
io.flutter.embedding.engine.FlutterJNI: void dispatchSemanticsAction(int,int,java.nio.ByteBuffer,int)
com.dexterous.flutterlocalnotifications.models.NotificationDetails: com.dexterous.flutterlocalnotifications.models.DateTimeComponents matchDateTimeComponents
com.baseflow.location_permissions.R$id: int title
com.baseflow.geolocator.R$style: int Widget_Compat_NotificationActionText
com.baseflow.googleapiavailability.R$style
com.baseflow.location_permissions.LocationPermissionsPlugin: java.lang.Boolean isLocationPermission(java.lang.String)
com.baseflow.googleapiavailability.R$id: int accessibility_custom_action_27
com.dexterous.flutterlocalnotifications.models.NotificationDetails: java.lang.String AUTO_CANCEL
com.dexterous.flutterlocalnotifications.models.IconSource: com.dexterous.flutterlocalnotifications.models.IconSource ContentUri
com.dexterous.flutterlocalnotifications.models.NotificationDetails: java.lang.String HTML_FORMAT_BIG_TEXT
androidx.media.AudioAttributesImplApi26Parcelizer: void write(androidx.media.AudioAttributesImplApi26,androidx.versionedparcelable.VersionedParcel)
androidx.lifecycle.Lifecycle$State: androidx.lifecycle.Lifecycle$State[] values()
com.dexterous.flutterlocalnotifications.FlutterLocalNotificationsPlugin: android.content.Context applicationContext
com.dexterous.flutterlocalnotifications.models.MessageDetails: java.lang.Long timestamp
com.baseflow.geolocator.R$drawable: int common_google_signin_btn_text_disabled
org.threeten.bp.chrono.IsoEra: org.threeten.bp.chrono.IsoEra valueOf(java.lang.String)
io.flutter.embedding.engine.FlutterJNI
com.dexterous.flutterlocalnotifications.FlutterLocalNotificationsPlugin: void setCategory(com.dexterous.flutterlocalnotifications.models.NotificationDetails,androidx.core.app.NotificationCompat$Builder)
com.dexterous.flutterlocalnotifications.models.NotificationDetails: java.lang.Integer maxProgress
com.baseflow.googleapiavailability.R$dimen: int notification_content_margin_start
com.baseflow.googleapiavailability.R$drawable: int common_google_signin_btn_icon_dark_normal
com.dexterous.flutterlocalnotifications.models.NotificationDetails: java.lang.String FULL_SCREEN_INTENT
com.baseflow.geolocator.tasks.LocationUpdatesUsingLocationServicesTask: void startTask()