build/app/outputs/mapping/release/mapping.txt
# compiler: R8
# compiler_version: 2.1.62
# min_api: 16
# pg_map_id: 4221a60
# common_typos_disable
...
com.github.barteksc.pdfviewer.model.PagePart -> d.e.a.a.j.a:
    android.graphics.Bitmap renderedBitmap -> c
    android.graphics.RectF pageRelativeBounds -> f
    int cacheOrder -> h
    float height -> e
    float width -> d
    boolean thumbnail -> g
    int page -> b
    int userPage -> a
    int getCacheOrder() -> a
    float getHeight() -> b
    int getPage() -> c
    android.graphics.RectF getPageRelativeBounds() -> d
    android.graphics.Bitmap getRenderedBitmap() -> e
    int getUserPage() -> f
    float getWidth() -> g
    boolean isThumbnail() -> h
    void setCacheOrder(int) -> i
com.github.barteksc.pdfviewer.scroll.ScrollHandle -> d.e.a.a.k.a:
    void show() -> a
    void hide() -> b
    void setPageNum(int) -> c
    void hideDelayed() -> d
    void setScroll(float) -> e
    void destroyLayout() -> f
    void setupLayout(com.github.barteksc.pdfviewer.PDFView) -> g
    boolean shown() -> h
com.github.barteksc.pdfviewer.source.DocumentSource -> d.e.a.a.l.a:
    com.shockwave.pdfium.PdfDocument createDocument(android.content.Context,com.shockwave.pdfium.PdfiumCore,java.lang.String) -> a
com.github.barteksc.pdfviewer.source.FileSource -> d.e.a.a.l.b:
    java.io.File file -> a
    com.shockwave.pdfium.PdfDocument createDocument(android.content.Context,com.shockwave.pdfium.PdfiumCore,java.lang.String) -> a
com.github.barteksc.pdfviewer.util.ArrayUtils -> d.e.a.a.m.a:
    int[] calculateIndexesInDuplicateArray(int[]) -> a
    int[] deleteDuplicatedPages(int[]) -> b
com.github.barteksc.pdfviewer.util.Constants -> d.e.a.a.m.b:
    float PART_SIZE -> c
    float THUMBNAIL_RATIO -> b
    int PRELOAD_COUNT -> d
    boolean DEBUG_MODE -> a
com.github.barteksc.pdfviewer.util.Constants$Cache -> d.e.a.a.m.b$a:
    int THUMBNAILS_CACHE_SIZE -> b
    int CACHE_SIZE -> a
com.github.barteksc.pdfviewer.util.Constants$Pinch -> d.e.a.a.m.b$b:
    float MINIMUM_ZOOM -> b
    float MAXIMUM_ZOOM -> a
com.github.barteksc.pdfviewer.util.MathUtils -> d.e.a.a.m.c:
    int ceil(float) -> a
    int floor(float) -> b
    float limit(float,float,float) -> c
    float max(float,float) -> d
    int max(int,int) -> e
    int min(int,int) -> f
com.github.barteksc.pdfviewer.util.Util -> d.e.a.a.m.d:
    int getDP(android.content.Context,int) -> a
com.google.android.gms.auth.api.signin.GoogleSignInAccount -> com.google.android.gms.auth.api.signin.GoogleSignInAccount:
    java.lang.String zak -> g
    android.net.Uri zaj -> f
    java.lang.String zam -> i
    java.lang.String zao -> k
    long zal -> h
    java.lang.String zap -> l
    int versionCode -> a
    com.google.android.gms.common.util.Clock zaf -> n
    java.util.List zan -> j
    java.lang.String zag -> c
    java.lang.String mId -> b
    java.lang.String zai -> e
    java.util.Set zaq -> m
    java.lang.String zah -> d
    android.accounts.Account getAccount() -> b
    java.lang.String getDisplayName() -> c
    java.lang.String getEmail() -> d
    java.lang.String getFamilyName() -> e
    java.lang.String getGivenName() -> f
    java.lang.String getId() -> g
    java.lang.String getIdToken() -> h
    android.net.Uri getPhotoUrl() -> i
    java.util.Set getRequestedScopes() -> j
    java.lang.String getServerAuthCode() -> k
    com.google.android.gms.auth.api.signin.GoogleSignInAccount zaa(java.lang.String) -> l
    com.google.android.gms.auth.api.signin.GoogleSignInAccount zaa(java.lang.String,java.lang.String,java.lang.String,java.lang.String,java.lang.String,java.lang.String,android.net.Uri,java.lang.Long,java.lang.String,java.util.Set) -> m