build/app/outputs/mapping/release/usage.txt
com.futurainstech.fit_timesheets.BuildConfig
com.futurainstech.fit_timesheets.R$attr
com.futurainstech.fit_timesheets.R$dimen
com.futurainstech.fit_timesheets.R$color
com.futurainstech.fit_timesheets.R
com.futurainstech.fit_timesheets.R$string
com.futurainstech.fit_timesheets.R$layout
com.futurainstech.fit_timesheets.R$drawable
com.futurainstech.fit_timesheets.R$style
com.futurainstech.fit_timesheets.R$id
com.futurainstech.fit_timesheets.R$integer
com.futurainstech.fit_timesheets.R$xml
com.futurainstech.fit_timesheets.R$mipmap
com.futurainstech.fit_timesheets.R$styleable
...
com.github.barteksc.pdfviewer.source.UriSource
kotlin.collections.AbstractCollection$toString$1
androidx.media.R$style
com.google.android.gms.common.util.DataUtils
android.support.v4.media.session.MediaSessionCompat$MediaSessionImplApi19
kotlin.sequences.DropWhileSequence$iterator$1
kotlin.UIntKt
com.google.android.gms.internal.location.zzq:
    public final android.location.Location getLastLocation(com.google.android.gms.common.api.GoogleApiClient)
    public final com.google.android.gms.location.LocationAvailability getLocationAvailability(com.google.android.gms.common.api.GoogleApiClient)
    public final com.google.android.gms.common.api.PendingResult requestLocationUpdates(com.google.android.gms.common.api.GoogleApiClient,com.google.android.gms.location.LocationRequest,com.google.android.gms.location.LocationListener)
    public final com.google.android.gms.common.api.PendingResult requestLocationUpdates(com.google.android.gms.common.api.GoogleApiClient,com.google.android.gms.location.LocationRequest,com.google.android.gms.location.LocationListener,android.os.Looper)
    public final com.google.android.gms.common.api.PendingResult requestLocationUpdates(com.google.android.gms.common.api.GoogleApiClient,com.google.android.gms.location.LocationRequest,com.google.android.gms.location.LocationCallback,android.os.Looper)
    public final com.google.android.gms.common.api.PendingResult requestLocationUpdates(com.google.android.gms.common.api.GoogleApiClient,com.google.android.gms.location.LocationRequest,android.app.PendingIntent)
    public final com.google.android.gms.common.api.PendingResult removeLocationUpdates(com.google.android.gms.common.api.GoogleApiClient,com.google.android.gms.location.LocationListener)
androidx.core.view.animation.PathInterpolatorCompat
android.support.v4.media.RatingCompat$Style
kotlin.jvm.internal.MutableLocalVariableReference
androidx.core.hardware.fingerprint.FingerprintManagerCompat$AuthenticationCallback
org.threeten.bp.temporal.IsoFields$Field$4:
    public org.threeten.bp.temporal.TemporalUnit getBaseUnit()
    public org.threeten.bp.temporal.TemporalUnit getRangeUnit()
androidx.core.view.accessibility.AccessibilityViewCommand$MoveWindowArguments
com.google.gson.internal.LinkedHashTreeMap$Node
androidx.core.app.ActivityCompat$SharedElementCallback21Impl
org.threeten.bp.chrono.ChronoZonedDateTime:
    public static java.util.Comparator timeLineOrder()
    public static org.threeten.bp.chrono.ChronoZonedDateTime from(org.threeten.bp.temporal.TemporalAccessor)
    public org.threeten.bp.chrono.Chronology getChronology()
    public abstract org.threeten.bp.chrono.ChronoZonedDateTime withEarlierOffsetAtOverlap()
    public abstract org.threeten.bp.chrono.ChronoZonedDateTime withLaterOffsetAtOverlap()
    public abstract org.threeten.bp.chrono.ChronoZonedDateTime withZoneSameInstant(org.threeten.bp.ZoneId)
    public org.threeten.bp.chrono.ChronoZonedDateTime plus(org.threeten.bp.temporal.TemporalAmount)
    public org.threeten.bp.chrono.ChronoZonedDateTime minus(org.threeten.bp.temporal.TemporalAmount)
    public java.lang.String format(org.threeten.bp.format.DateTimeFormatter)
    public boolean isAfter(org.threeten.bp.chrono.ChronoZonedDateTime)
    public boolean isEqual(org.threeten.bp.chrono.ChronoZonedDateTime)
    public synthetic bridge org.threeten.bp.temporal.Temporal minus(org.threeten.bp.temporal.TemporalAmount)
    public synthetic bridge org.threeten.bp.temporal.Temporal plus(org.threeten.bp.temporal.TemporalAmount)
kotlin.collections.ArraysKt___ArraysKt$withIndex$4
com.google.android.gms.internal.base.zab:
    protected final android.os.Parcel zaa(int,android.os.Parcel)
    protected final void zac(int,android.os.Parcel)
com.google.android.gms.common.server.response.zaa